Timestamp: 2016-11-02 00:06:08.02079557 +0000 GMT
Attempt: 1
Hook: test_file
Command:
#!/bin/bash
echo "some words" ) test.out
curl -o google.html -XGET www.googleom

Error: exit status 2
Output: []
Timestamp: 2016-11-02 00:06:18.0332902 +0000 GMT
Attempt: 2
Hook: test_file
Command:
#!/bin/bash
echo "some words" ) test.out
curl -o google.html -XGET www.googleom

Error: exit status 2
Output: []
Timestamp: 2016-11-02 00:06:28.049277127 +0000 GMT
Attempt: 3
Hook: test_file
Command:
#!/bin/bash
echo "some words" ) test.out
curl -o google.html -XGET www.googleom

Error: exit status 2
Output: []
Timestamp: 2016-11-02 00:06:38.063673497 +0000 GMT
Attempt: 4
Hook: test_file
Command:
#!/bin/bash
echo "some words" ) test.out
curl -o google.html -XGET www.googleom

Error: exit status 2
Output: []
